Using pre-set license
Built from '2021.1/staging' branch; Version is '2021.1.5f1 (3737af19df53) revision 3618735'; Using compiler version '192528614'; Build Type 'Release'
OS: 'Windows 10 Pro; OS build 19041.985; Version 2004; 64bit' Language: 'en' Physical Memory: 16316 MB
BatchMode: 1, IsHumanControllingUs: 0, StartBugReporterOnCrash: 0, Is64bit: 1, IsPro: 0

 COMMAND LINE ARGUMENTS:
C:\Program Files\Unity\Hub\Editor\2021.1.5f1\Editor\Unity.exe
-adb2
-batchMode
-noUpm
-name
AssetImportWorker0
-projectPath
D:/Users/justin/Unity Projects/Mashup-Game-Jam/Genre-Mashup
-logFile
Logs/AssetImportWorker0.log
-srvPort
51398
Successfully changed project path to: D:/Users/justin/Unity Projects/Mashup-Game-Jam/Genre-Mashup
D:/Users/justin/Unity Projects/Mashup-Game-Jam/Genre-Mashup
Using Asset Import Pipeline V2.
Refreshing native plugins compatible for Editor in 93.74 ms, found 2 plugins.
Preloading 0 native plugins for Editor in 0.00 ms.
Initialize engine version: 2021.1.5f1 (3737af19df53)
[Subsystems] Discovering subsystems at path C:/Program Files/Unity/Hub/Editor/2021.1.5f1/Editor/Data/Resources/UnitySubsystems
[Subsystems] Discovering subsystems at path D:/Users/justin/Unity Projects/Mashup-Game-Jam/Genre-Mashup/Assets
GfxDevice: creating device client; threaded=0; jobified=0
Direct3D:
    Version:  Direct3D 11.0 [level 11.1]
    Renderer: NVIDIA GeForce RTX 2070 (ID=0x1f02)
    Vendor:   NVIDIA
    VRAM:     8031 MB
    Driver:   27.21.14.6647
Initialize mono
Mono path[0] = 'C:/Program Files/Unity/Hub/Editor/2021.1.5f1/Editor/Data/Managed'
Mono path[1] = 'C:/Program Files/Unity/Hub/Editor/2021.1.5f1/Editor/Data/MonoBleedingEdge/lib/mono/unityjit'
Mono config path = 'C:/Program Files/Unity/Hub/Editor/2021.1.5f1/Editor/Data/MonoBleedingEdge/etc'
Using monoOptions --debugger-agent=transport=dt_socket,embedding=1,server=y,suspend=n,address=127.0.0.1:56324
Begin MonoManager ReloadAssembly
Registering precompiled unity dll's ...
Register platform support module: C:/Program Files/Unity/Hub/Editor/2021.1.5f1/Editor/Data/PlaybackEngines/WindowsStandaloneSupport/UnityEditor.WindowsStandalone.Extensions.dll
Registered in 0.001701 seconds.
Native extension for WindowsStandalone target not found
Refreshing native plugins compatible for Editor in 127.06 ms, found 2 plugins.
Preloading 0 native plugins for Editor in 0.00 ms.
Mono: successfully reloaded assembly
- Completed reload, in  1.345 seconds
Platform modules already initialized, skipping
Registering precompiled user dll's ...
Registered in 0.002763 seconds.
Begin MonoManager ReloadAssembly
Native extension for WindowsStandalone target not found
Refreshing native plugins compatible for Editor in 109.79 ms, found 2 plugins.
Preloading 0 native plugins for Editor in 0.00 ms.
Mono: successfully reloaded assembly
- Completed reload, in  1.578 seconds
Platform modules already initialized, skipping
========================================================================
Worker process is ready to serve import requests
Launched and connected shader compiler UnityShaderCompiler.exe after 0.03 seconds
Refreshing native plugins compatible for Editor in 1.08 ms, found 2 plugins.
Preloading 0 native plugins for Editor in 0.00 ms.
Unloading 3373 Unused Serialized files (Serialized files now loaded: 0)
System memory in use before: 128.0 MB.
System memory in use after: 128.1 MB.

Unloading 28 unused Assets to reduce memory usage. Loaded Objects now: 3826.
Total: 3.099000 ms (FindLiveObjects: 0.294400 ms CreateObjectMapping: 0.208800 ms MarkObjects: 2.486300 ms  DeleteObjects: 0.108200 ms)

========================================================================
Received Import Request.
  path: Assets/Scripts/Player/PlayerController.cs
  artifactKey: Guid(52daff34ec96df346a3f10734f260482) Importer(815301076,1909f56bfc062723c751e8b465ee728b)
Start importing Assets/Scripts/Player/PlayerController.cs using Guid(52daff34ec96df346a3f10734f260482) Importer(815301076,1909f56bfc062723c751e8b465ee728b)  -> (artifact id: 'da65be3902e753c9ebd57b76e6b11ab0') in 0.023908 seconds 
========================================================================
Received Prepare
Refreshing native plugins compatible for Editor in 2.23 ms, found 2 plugins.
Preloading 0 native plugins for Editor in 0.00 ms.
Unloading 14 Unused Serialized files (Serialized files now loaded: 0)
System memory in use before: 61.2 MB.
System memory in use after: 61.4 MB.

Unloading 14 unused Assets to reduce memory usage. Loaded Objects now: 3826.
Total: 2.344200 ms (FindLiveObjects: 0.243900 ms CreateObjectMapping: 0.160500 ms MarkObjects: 1.865800 ms  DeleteObjects: 0.073200 ms)

========================================================================
Received Import Request.
  Time since last request: 12.319189 seconds.
  path: Assets/Scripts/Player/PlayerController.cs
  artifactKey: Guid(52daff34ec96df346a3f10734f260482) Importer(815301076,1909f56bfc062723c751e8b465ee728b)
Start importing Assets/Scripts/Player/PlayerController.cs using Guid(52daff34ec96df346a3f10734f260482) Importer(815301076,1909f56bfc062723c751e8b465ee728b)  -> (artifact id: '9520d2bc8f349aa912260dc84d1cb23c') in 0.001624 seconds 
========================================================================
Received Import Request.
  Time since last request: 5.005066 seconds.
  path: Assets/Scripts/Player/PlayerController.cs
  artifactKey: Guid(52daff34ec96df346a3f10734f260482) Importer(815301076,1909f56bfc062723c751e8b465ee728b)
Start importing Assets/Scripts/Player/PlayerController.cs using Guid(52daff34ec96df346a3f10734f260482) Importer(815301076,1909f56bfc062723c751e8b465ee728b)  -> (artifact id: '5f02fc41bf81812d7a767b9794c4eb7e') in 0.002721 seconds 
========================================================================
Received Import Request.
  Time since last request: 5.568571 seconds.
  path: Assets/Scripts/Player/PlayerController.cs
  artifactKey: Guid(52daff34ec96df346a3f10734f260482) Importer(815301076,1909f56bfc062723c751e8b465ee728b)
Start importing Assets/Scripts/Player/PlayerController.cs using Guid(52daff34ec96df346a3f10734f260482) Importer(815301076,1909f56bfc062723c751e8b465ee728b)  -> (artifact id: 'a58bc017702a4537176e508ef06e7e68') in 0.001816 seconds 
========================================================================
Received Import Request.
  Time since last request: 8.408152 seconds.
  path: Assets/Scripts/Player/PlayerController.cs
  artifactKey: Guid(52daff34ec96df346a3f10734f260482) Importer(815301076,1909f56bfc062723c751e8b465ee728b)
Start importing Assets/Scripts/Player/PlayerController.cs using Guid(52daff34ec96df346a3f10734f260482) Importer(815301076,1909f56bfc062723c751e8b465ee728b)  -> (artifact id: 'd6ca61cf13b8627183cbee194358c8c9') in 0.001499 seconds 
========================================================================
Received Prepare
Registering precompiled user dll's ...
Registered in 0.002384 seconds.
Begin MonoManager ReloadAssembly
Native extension for WindowsStandalone target not found
Refreshing native plugins compatible for Editor in 0.60 ms, found 2 plugins.
Preloading 0 native plugins for Editor in 0.00 ms.
Mono: successfully reloaded assembly
- Completed reload, in  0.963 seconds
Platform modules already initialized, skipping
Refreshing native plugins compatible for Editor in 0.58 ms, found 2 plugins.
Preloading 0 native plugins for Editor in 0.00 ms.
Unloading 3367 Unused Serialized files (Serialized files now loaded: 0)
System memory in use before: 127.9 MB.
System memory in use after: 128.0 MB.

Unloading 16 unused Assets to reduce memory usage. Loaded Objects now: 3830.
Total: 2.093000 ms (FindLiveObjects: 0.245300 ms CreateObjectMapping: 0.152500 ms MarkObjects: 1.625200 ms  DeleteObjects: 0.069200 ms)

========================================================================
Received Prepare
Registering precompiled user dll's ...
Registered in 0.002272 seconds.
Begin MonoManager ReloadAssembly
Native extension for WindowsStandalone target not found
Refreshing native plugins compatible for Editor in 0.63 ms, found 2 plugins.
Preloading 0 native plugins for Editor in 0.00 ms.
Mono: successfully reloaded assembly
- Completed reload, in  0.928 seconds
Platform modules already initialized, skipping
Refreshing native plugins compatible for Editor in 0.61 ms, found 2 plugins.
Preloading 0 native plugins for Editor in 0.00 ms.
Unloading 3367 Unused Serialized files (Serialized files now loaded: 0)
System memory in use before: 127.9 MB.
System memory in use after: 128.1 MB.

Unloading 16 unused Assets to reduce memory usage. Loaded Objects now: 3834.
Total: 2.225500 ms (FindLiveObjects: 0.244300 ms CreateObjectMapping: 0.163700 ms MarkObjects: 1.741300 ms  DeleteObjects: 0.075400 ms)

========================================================================
Received Prepare
Registering precompiled user dll's ...
Registered in 0.002281 seconds.
Begin MonoManager ReloadAssembly
Native extension for WindowsStandalone target not found
Refreshing native plugins compatible for Editor in 0.65 ms, found 2 plugins.
Preloading 0 native plugins for Editor in 0.00 ms.
Mono: successfully reloaded assembly
- Completed reload, in  0.945 seconds
Platform modules already initialized, skipping
Refreshing native plugins compatible for Editor in 0.64 ms, found 2 plugins.
Preloading 0 native plugins for Editor in 0.00 ms.
Unloading 3367 Unused Serialized files (Serialized files now loaded: 0)
System memory in use before: 128.0 MB.
System memory in use after: 128.1 MB.

Unloading 16 unused Assets to reduce memory usage. Loaded Objects now: 3838.
Total: 2.361100 ms (FindLiveObjects: 0.234300 ms CreateObjectMapping: 0.154100 ms MarkObjects: 1.896700 ms  DeleteObjects: 0.075000 ms)

========================================================================
Received Prepare
Registering precompiled user dll's ...
Registered in 0.002381 seconds.
Begin MonoManager ReloadAssembly
Native extension for WindowsStandalone target not found
Refreshing native plugins compatible for Editor in 0.58 ms, found 2 plugins.
Preloading 0 native plugins for Editor in 0.00 ms.
Mono: successfully reloaded assembly
- Completed reload, in  0.890 seconds
Platform modules already initialized, skipping
Refreshing native plugins compatible for Editor in 0.58 ms, found 2 plugins.
Preloading 0 native plugins for Editor in 0.00 ms.
Unloading 3367 Unused Serialized files (Serialized files now loaded: 0)
System memory in use before: 128.0 MB.
System memory in use after: 128.1 MB.

Unloading 16 unused Assets to reduce memory usage. Loaded Objects now: 3842.
Total: 2.302100 ms (FindLiveObjects: 0.226900 ms CreateObjectMapping: 0.147100 ms MarkObjects: 1.855400 ms  DeleteObjects: 0.071700 ms)

========================================================================
Received Prepare
Registering precompiled user dll's ...
Registered in 0.002508 seconds.
Begin MonoManager ReloadAssembly
Native extension for WindowsStandalone target not found
Refreshing native plugins compatible for Editor in 0.58 ms, found 2 plugins.
Preloading 0 native plugins for Editor in 0.00 ms.
Mono: successfully reloaded assembly
- Completed reload, in  0.907 seconds
Platform modules already initialized, skipping
Refreshing native plugins compatible for Editor in 0.59 ms, found 2 plugins.
Preloading 0 native plugins for Editor in 0.00 ms.
Unloading 3367 Unused Serialized files (Serialized files now loaded: 0)
System memory in use before: 128.0 MB.
System memory in use after: 128.1 MB.

Unloading 16 unused Assets to reduce memory usage. Loaded Objects now: 3846.
Total: 2.374000 ms (FindLiveObjects: 0.308900 ms CreateObjectMapping: 0.140100 ms MarkObjects: 1.852600 ms  DeleteObjects: 0.071600 ms)

========================================================================
Received Import Request.
  Time since last request: 216.608021 seconds.
  path: Assets/Animations/player_fall_left.anim
  artifactKey: Guid(a072a0655914a9c4bb345466bcd9c4d3) Importer(815301076,1909f56bfc062723c751e8b465ee728b)
Start importing Assets/Animations/player_fall_left.anim using Guid(a072a0655914a9c4bb345466bcd9c4d3) Importer(815301076,1909f56bfc062723c751e8b465ee728b)  -> (artifact id: 'ce8fd88493ea07dcc1345c454a367713') in 0.019705 seconds 
========================================================================
Received Prepare
Registering precompiled user dll's ...
Registered in 0.002429 seconds.
Begin MonoManager ReloadAssembly
Native extension for WindowsStandalone target not found
Refreshing native plugins compatible for Editor in 0.57 ms, found 2 plugins.
Preloading 0 native plugins for Editor in 0.00 ms.
Mono: successfully reloaded assembly
- Completed reload, in  0.907 seconds
Platform modules already initialized, skipping
Refreshing native plugins compatible for Editor in 0.68 ms, found 2 plugins.
Preloading 0 native plugins for Editor in 0.00 ms.
Unloading 3367 Unused Serialized files (Serialized files now loaded: 0)
System memory in use before: 128.0 MB.
System memory in use after: 128.2 MB.

Unloading 16 unused Assets to reduce memory usage. Loaded Objects now: 3850.
Total: 2.169100 ms (FindLiveObjects: 0.245100 ms CreateObjectMapping: 0.153200 ms MarkObjects: 1.699300 ms  DeleteObjects: 0.070000 ms)

========================================================================
Received Prepare
Registering precompiled user dll's ...
Registered in 0.002367 seconds.
Begin MonoManager ReloadAssembly
Native extension for WindowsStandalone target not found
Refreshing native plugins compatible for Editor in 0.59 ms, found 2 plugins.
Preloading 0 native plugins for Editor in 0.00 ms.
Mono: successfully reloaded assembly
- Completed reload, in  0.909 seconds
Platform modules already initialized, skipping
Refreshing native plugins compatible for Editor in 0.59 ms, found 2 plugins.
Preloading 0 native plugins for Editor in 0.00 ms.
Unloading 3367 Unused Serialized files (Serialized files now loaded: 0)
System memory in use before: 128.0 MB.
System memory in use after: 128.2 MB.

Unloading 16 unused Assets to reduce memory usage. Loaded Objects now: 3854.
Total: 2.275200 ms (FindLiveObjects: 0.234900 ms CreateObjectMapping: 0.157900 ms MarkObjects: 1.810700 ms  DeleteObjects: 0.070400 ms)

========================================================================
Received Prepare
Registering precompiled user dll's ...
Registered in 0.002665 seconds.
Begin MonoManager ReloadAssembly
Native extension for WindowsStandalone target not found
Refreshing native plugins compatible for Editor in 0.62 ms, found 2 plugins.
Preloading 0 native plugins for Editor in 0.00 ms.
Mono: successfully reloaded assembly
- Completed reload, in  0.924 seconds
Platform modules already initialized, skipping
Refreshing native plugins compatible for Editor in 0.60 ms, found 2 plugins.
Preloading 0 native plugins for Editor in 0.00 ms.
Unloading 3367 Unused Serialized files (Serialized files now loaded: 0)
System memory in use before: 128.0 MB.
System memory in use after: 128.2 MB.

Unloading 16 unused Assets to reduce memory usage. Loaded Objects now: 3858.
Total: 2.201600 ms (FindLiveObjects: 0.237900 ms CreateObjectMapping: 0.151800 ms MarkObjects: 1.738700 ms  DeleteObjects: 0.072400 ms)

AssetImportWorkerClient::OnTransportError - code=2 error=End of file
