Using pre-set license
Built from '2021.1/staging' branch; Version is '2021.1.5f1 (3737af19df53) revision 3618735'; Using compiler version '192528614'; Build Type 'Release'
OS: 'Windows 10 Pro; OS build 19041.985; Version 2004; 64bit' Language: 'en' Physical Memory: 16316 MB
BatchMode: 1, IsHumanControllingUs: 0, StartBugReporterOnCrash: 0, Is64bit: 1, IsPro: 0

 COMMAND LINE ARGUMENTS:
C:\Program Files\Unity\Hub\Editor\2021.1.5f1\Editor\Unity.exe
-adb2
-batchMode
-noUpm
-name
AssetImportWorker0
-projectPath
D:/Users/justin/Unity Projects/Mashup-Game-Jam/Genre-Mashup
-logFile
Logs/AssetImportWorker0.log
-srvPort
54453
Successfully changed project path to: D:/Users/justin/Unity Projects/Mashup-Game-Jam/Genre-Mashup
D:/Users/justin/Unity Projects/Mashup-Game-Jam/Genre-Mashup
Using Asset Import Pipeline V2.
Refreshing native plugins compatible for Editor in 90.44 ms, found 2 plugins.
Preloading 0 native plugins for Editor in 0.00 ms.
Initialize engine version: 2021.1.5f1 (3737af19df53)
[Subsystems] Discovering subsystems at path C:/Program Files/Unity/Hub/Editor/2021.1.5f1/Editor/Data/Resources/UnitySubsystems
[Subsystems] Discovering subsystems at path D:/Users/justin/Unity Projects/Mashup-Game-Jam/Genre-Mashup/Assets
GfxDevice: creating device client; threaded=0; jobified=0
Direct3D:
    Version:  Direct3D 11.0 [level 11.1]
    Renderer: NVIDIA GeForce RTX 2070 (ID=0x1f02)
    Vendor:   NVIDIA
    VRAM:     8031 MB
    Driver:   27.21.14.6647
Initialize mono
Mono path[0] = 'C:/Program Files/Unity/Hub/Editor/2021.1.5f1/Editor/Data/Managed'
Mono path[1] = 'C:/Program Files/Unity/Hub/Editor/2021.1.5f1/Editor/Data/MonoBleedingEdge/lib/mono/unityjit'
Mono config path = 'C:/Program Files/Unity/Hub/Editor/2021.1.5f1/Editor/Data/MonoBleedingEdge/etc'
Using monoOptions --debugger-agent=transport=dt_socket,embedding=1,server=y,suspend=n,address=127.0.0.1:56896
Begin MonoManager ReloadAssembly
Registering precompiled unity dll's ...
Register platform support module: C:/Program Files/Unity/Hub/Editor/2021.1.5f1/Editor/Data/PlaybackEngines/WindowsStandaloneSupport/UnityEditor.WindowsStandalone.Extensions.dll
Registered in 0.001566 seconds.
Native extension for WindowsStandalone target not found
Refreshing native plugins compatible for Editor in 91.24 ms, found 2 plugins.
Preloading 0 native plugins for Editor in 0.00 ms.
Mono: successfully reloaded assembly
- Completed reload, in  1.087 seconds
Platform modules already initialized, skipping
Registering precompiled user dll's ...
Registered in 0.002363 seconds.
Begin MonoManager ReloadAssembly
Native extension for WindowsStandalone target not found
Refreshing native plugins compatible for Editor in 94.09 ms, found 2 plugins.
Preloading 0 native plugins for Editor in 0.00 ms.
Mono: successfully reloaded assembly
- Completed reload, in  1.085 seconds
Platform modules already initialized, skipping
========================================================================
Worker process is ready to serve import requests
Launched and connected shader compiler UnityShaderCompiler.exe after 0.03 seconds
Refreshing native plugins compatible for Editor in 0.61 ms, found 2 plugins.
Preloading 0 native plugins for Editor in 0.00 ms.
Unloading 3376 Unused Serialized files (Serialized files now loaded: 0)
System memory in use before: 128.0 MB.
System memory in use after: 128.1 MB.

Unloading 28 unused Assets to reduce memory usage. Loaded Objects now: 3830.
Total: 2.346200 ms (FindLiveObjects: 0.234400 ms CreateObjectMapping: 0.149600 ms MarkObjects: 1.872900 ms  DeleteObjects: 0.088500 ms)

========================================================================
Received Import Request.
  path: Assets/Sprites/Enemy/boombox shot-Sheet.png
  artifactKey: Guid(0890ecb1eb9f1ce48b30a9931df2c32c) Importer(815301076,1909f56bfc062723c751e8b465ee728b)
Start importing Assets/Sprites/Enemy/boombox shot-Sheet.png using Guid(0890ecb1eb9f1ce48b30a9931df2c32c) Importer(815301076,1909f56bfc062723c751e8b465ee728b)  -> (artifact id: 'c399c451e3fcb536f504858bc5c2973a') in 0.091975 seconds 
========================================================================
Received Import Request.
  Time since last request: 4.478837 seconds.
  path: Assets/Scenes/Level.unity
  artifactKey: Guid(2cda990e2423bbf4892e6590ba056729) Importer(815301076,1909f56bfc062723c751e8b465ee728b)
Start importing Assets/Scenes/Level.unity using Guid(2cda990e2423bbf4892e6590ba056729) Importer(815301076,1909f56bfc062723c751e8b465ee728b)  -> (artifact id: 'c1cd5817106943a21bac273baf6eee9b') in 0.005756 seconds 
========================================================================
Received Import Request.
  Time since last request: 46.282971 seconds.
  path: Assets/Scenes/Test Scene.unity
  artifactKey: Guid(070757090ac7aca478031c07a14ca9c7) Importer(815301076,1909f56bfc062723c751e8b465ee728b)
Start importing Assets/Scenes/Test Scene.unity using Guid(070757090ac7aca478031c07a14ca9c7) Importer(815301076,1909f56bfc062723c751e8b465ee728b)  -> (artifact id: '0ebd952a60a52f3ff8aed1f574411f85') in 0.005593 seconds 
========================================================================
Received Import Request.
  Time since last request: 26.260210 seconds.
  path: Assets/Scripts/Player/PlayerController.cs
  artifactKey: Guid(52daff34ec96df346a3f10734f260482) Importer(815301076,1909f56bfc062723c751e8b465ee728b)
Start importing Assets/Scripts/Player/PlayerController.cs using Guid(52daff34ec96df346a3f10734f260482) Importer(815301076,1909f56bfc062723c751e8b465ee728b)  -> (artifact id: '91f0bee6be9156edddcc3cdde76f4cf7') in 0.030648 seconds 
========================================================================
Received Prepare
Registering precompiled user dll's ...
Registered in 0.002436 seconds.
Begin MonoManager ReloadAssembly
Native extension for WindowsStandalone target not found
Refreshing native plugins compatible for Editor in 0.63 ms, found 2 plugins.
Preloading 0 native plugins for Editor in 0.00 ms.
Mono: successfully reloaded assembly
- Completed reload, in  0.866 seconds
Platform modules already initialized, skipping
Refreshing native plugins compatible for Editor in 0.60 ms, found 2 plugins.
Preloading 0 native plugins for Editor in 0.00 ms.
Unloading 3371 Unused Serialized files (Serialized files now loaded: 0)
System memory in use before: 132.0 MB.
System memory in use after: 132.1 MB.

Unloading 16 unused Assets to reduce memory usage. Loaded Objects now: 3855.
Total: 2.552300 ms (FindLiveObjects: 0.257400 ms CreateObjectMapping: 0.178900 ms MarkObjects: 2.031400 ms  DeleteObjects: 0.083700 ms)

========================================================================
Received Prepare
Registering precompiled user dll's ...
Registered in 0.002541 seconds.
Begin MonoManager ReloadAssembly
Native extension for WindowsStandalone target not found
Refreshing native plugins compatible for Editor in 0.58 ms, found 2 plugins.
Preloading 0 native plugins for Editor in 0.00 ms.
Mono: successfully reloaded assembly
- Completed reload, in  0.845 seconds
Platform modules already initialized, skipping
Refreshing native plugins compatible for Editor in 0.59 ms, found 2 plugins.
Preloading 0 native plugins for Editor in 0.00 ms.
Unloading 3370 Unused Serialized files (Serialized files now loaded: 0)
System memory in use before: 132.0 MB.
System memory in use after: 132.1 MB.

Unloading 16 unused Assets to reduce memory usage. Loaded Objects now: 3859.
Total: 2.303700 ms (FindLiveObjects: 0.224900 ms CreateObjectMapping: 0.148600 ms MarkObjects: 1.815700 ms  DeleteObjects: 0.113900 ms)

AssetImportWorkerClient::OnTransportError - code=2 error=End of file
